-------------------------------------------------------------------------------
Test set: com.atguigu.auth.activiti.ProcessTest
-------------------------------------------------------------------------------
Tests run: 8, Failures: 0, Errors: 8, Skipped: 0, Time elapsed: 45.554 s <<< FAILURE! - in com.atguigu.auth.activiti.ProcessTest
startProcess  Time elapsed: 0 s  <<< ERROR!
java.lang.IllegalStateException: Failed to load ApplicationContext
Caused by: org.springframework.beans.factory.UnsatisfiedDependencyException: Error creating bean with name 'oaProcessController': Unsatisfied dependency expressed through field 'processService'; nested exception is org.springframework.beans.factory.UnsatisfiedDependencyException: Error creating bean with name 'oaProcessServiceImpl': Unsatisfied dependency expressed through field 'repositoryService'; nested exception is org.springframework.beans.factory.UnsatisfiedDependencyException: Error creating bean with name 'repositoryServiceBean' defined in class path resource [org/activiti/spring/boot/ProcessEngineAutoConfiguration.class]: Unsatisfied dependency expressed through method 'repositoryServiceBean' parameter 0; nested exception is org.springframework.beans.factory.BeanCreationException: Error creating bean with name 'processEngine': FactoryBean threw exception on object creation; nested exception is org.activiti.engine.ActivitiException: couldn't check if tables are already present using metadata: Public Key Retrieval is not allowed
Caused by: org.springframework.beans.factory.UnsatisfiedDependencyException: Error creating bean with name 'oaProcessServiceImpl': Unsatisfied dependency expressed through field 'repositoryService'; nested exception is org.springframework.beans.factory.UnsatisfiedDependencyException: Error creating bean with name 'repositoryServiceBean' defined in class path resource [org/activiti/spring/boot/ProcessEngineAutoConfiguration.class]: Unsatisfied dependency expressed through method 'repositoryServiceBean' parameter 0; nested exception is org.springframework.beans.factory.BeanCreationException: Error creating bean with name 'processEngine': FactoryBean threw exception on object creation; nested exception is org.activiti.engine.ActivitiException: couldn't check if tables are already present using metadata: Public Key Retrieval is not allowed
Caused by: org.springframework.beans.factory.UnsatisfiedDependencyException: Error creating bean with name 'repositoryServiceBean' defined in class path resource [org/activiti/spring/boot/ProcessEngineAutoConfiguration.class]: Unsatisfied dependency expressed through method 'repositoryServiceBean' parameter 0; nested exception is org.springframework.beans.factory.BeanCreationException: Error creating bean with name 'processEngine': FactoryBean threw exception on object creation; nested exception is org.activiti.engine.ActivitiException: couldn't check if tables are already present using metadata: Public Key Retrieval is not allowed
Caused by: org.springframework.beans.factory.BeanCreationException: Error creating bean with name 'processEngine': FactoryBean threw exception on object creation; nested exception is org.activiti.engine.ActivitiException: couldn't check if tables are already present using metadata: Public Key Retrieval is not allowed
Caused by: org.activiti.engine.ActivitiException: couldn't check if tables are already present using metadata: Public Key Retrieval is not allowed
Caused by: java.sql.SQLNonTransientConnectionException: Public Key Retrieval is not allowed
Caused by: com.mysql.cj.exceptions.UnableToConnectException: Public Key Retrieval is not allowed

completeTask  Time elapsed: 0 s  <<< ERROR!
java.lang.IllegalStateException: Failed to load ApplicationContext
Caused by: org.springframework.beans.factory.UnsatisfiedDependencyException: Error creating bean with name 'oaProcessController': Unsatisfied dependency expressed through field 'processService'; nested exception is org.springframework.beans.factory.UnsatisfiedDependencyException: Error creating bean with name 'oaProcessServiceImpl': Unsatisfied dependency expressed through field 'repositoryService'; nested exception is org.springframework.beans.factory.UnsatisfiedDependencyException: Error creating bean with name 'repositoryServiceBean' defined in class path resource [org/activiti/spring/boot/ProcessEngineAutoConfiguration.class]: Unsatisfied dependency expressed through method 'repositoryServiceBean' parameter 0; nested exception is org.springframework.beans.factory.BeanCreationException: Error creating bean with name 'processEngine': FactoryBean threw exception on object creation; nested exception is org.activiti.engine.ActivitiException: couldn't check if tables are already present using metadata: Public Key Retrieval is not allowed
Caused by: org.springframework.beans.factory.UnsatisfiedDependencyException: Error creating bean with name 'oaProcessServiceImpl': Unsatisfied dependency expressed through field 'repositoryService'; nested exception is org.springframework.beans.factory.UnsatisfiedDependencyException: Error creating bean with name 'repositoryServiceBean' defined in class path resource [org/activiti/spring/boot/ProcessEngineAutoConfiguration.class]: Unsatisfied dependency expressed through method 'repositoryServiceBean' parameter 0; nested exception is org.springframework.beans.factory.BeanCreationException: Error creating bean with name 'processEngine': FactoryBean threw exception on object creation; nested exception is org.activiti.engine.ActivitiException: couldn't check if tables are already present using metadata: Public Key Retrieval is not allowed
Caused by: org.springframework.beans.factory.UnsatisfiedDependencyException: Error creating bean with name 'repositoryServiceBean' defined in class path resource [org/activiti/spring/boot/ProcessEngineAutoConfiguration.class]: Unsatisfied dependency expressed through method 'repositoryServiceBean' parameter 0; nested exception is org.springframework.beans.factory.BeanCreationException: Error creating bean with name 'processEngine': FactoryBean threw exception on object creation; nested exception is org.activiti.engine.ActivitiException: couldn't check if tables are already present using metadata: Public Key Retrieval is not allowed
Caused by: org.springframework.beans.factory.BeanCreationException: Error creating bean with name 'processEngine': FactoryBean threw exception on object creation; nested exception is org.activiti.engine.ActivitiException: couldn't check if tables are already present using metadata: Public Key Retrieval is not allowed
Caused by: org.activiti.engine.ActivitiException: couldn't check if tables are already present using metadata: Public Key Retrieval is not allowed
Caused by: java.sql.SQLNonTransientConnectionException: Public Key Retrieval is not allowed
Caused by: com.mysql.cj.exceptions.UnableToConnectException: Public Key Retrieval is not allowed

findTaskList  Time elapsed: 0 s  <<< ERROR!
java.lang.IllegalStateException: Failed to load ApplicationContext
Caused by: org.springframework.beans.factory.UnsatisfiedDependencyException: Error creating bean with name 'oaProcessController': Unsatisfied dependency expressed through field 'processService'; nested exception is org.springframework.beans.factory.UnsatisfiedDependencyException: Error creating bean with name 'oaProcessServiceImpl': Unsatisfied dependency expressed through field 'repositoryService'; nested exception is org.springframework.beans.factory.UnsatisfiedDependencyException: Error creating bean with name 'repositoryServiceBean' defined in class path resource [org/activiti/spring/boot/ProcessEngineAutoConfiguration.class]: Unsatisfied dependency expressed through method 'repositoryServiceBean' parameter 0; nested exception is org.springframework.beans.factory.BeanCreationException: Error creating bean with name 'processEngine': FactoryBean threw exception on object creation; nested exception is org.activiti.engine.ActivitiException: couldn't check if tables are already present using metadata: Public Key Retrieval is not allowed
Caused by: org.springframework.beans.factory.UnsatisfiedDependencyException: Error creating bean with name 'oaProcessServiceImpl': Unsatisfied dependency expressed through field 'repositoryService'; nested exception is org.springframework.beans.factory.UnsatisfiedDependencyException: Error creating bean with name 'repositoryServiceBean' defined in class path resource [org/activiti/spring/boot/ProcessEngineAutoConfiguration.class]: Unsatisfied dependency expressed through method 'repositoryServiceBean' parameter 0; nested exception is org.springframework.beans.factory.BeanCreationException: Error creating bean with name 'processEngine': FactoryBean threw exception on object creation; nested exception is org.activiti.engine.ActivitiException: couldn't check if tables are already present using metadata: Public Key Retrieval is not allowed
Caused by: org.springframework.beans.factory.UnsatisfiedDependencyException: Error creating bean with name 'repositoryServiceBean' defined in class path resource [org/activiti/spring/boot/ProcessEngineAutoConfiguration.class]: Unsatisfied dependency expressed through method 'repositoryServiceBean' parameter 0; nested exception is org.springframework.beans.factory.BeanCreationException: Error creating bean with name 'processEngine': FactoryBean threw exception on object creation; nested exception is org.activiti.engine.ActivitiException: couldn't check if tables are already present using metadata: Public Key Retrieval is not allowed
Caused by: org.springframework.beans.factory.BeanCreationException: Error creating bean with name 'processEngine': FactoryBean threw exception on object creation; nested exception is org.activiti.engine.ActivitiException: couldn't check if tables are already present using metadata: Public Key Retrieval is not allowed
Caused by: org.activiti.engine.ActivitiException: couldn't check if tables are already present using metadata: Public Key Retrieval is not allowed
Caused by: java.sql.SQLNonTransientConnectionException: Public Key Retrieval is not allowed
Caused by: com.mysql.cj.exceptions.UnableToConnectException: Public Key Retrieval is not allowed

suspendProcessInstanceAll  Time elapsed: 0 s  <<< ERROR!
java.lang.IllegalStateException: Failed to load ApplicationContext
Caused by: org.springframework.beans.factory.UnsatisfiedDependencyException: Error creating bean with name 'oaProcessController': Unsatisfied dependency expressed through field 'processService'; nested exception is org.springframework.beans.factory.UnsatisfiedDependencyException: Error creating bean with name 'oaProcessServiceImpl': Unsatisfied dependency expressed through field 'repositoryService'; nested exception is org.springframework.beans.factory.UnsatisfiedDependencyException: Error creating bean with name 'repositoryServiceBean' defined in class path resource [org/activiti/spring/boot/ProcessEngineAutoConfiguration.class]: Unsatisfied dependency expressed through method 'repositoryServiceBean' parameter 0; nested exception is org.springframework.beans.factory.BeanCreationException: Error creating bean with name 'processEngine': FactoryBean threw exception on object creation; nested exception is org.activiti.engine.ActivitiException: couldn't check if tables are already present using metadata: Public Key Retrieval is not allowed
Caused by: org.springframework.beans.factory.UnsatisfiedDependencyException: Error creating bean with name 'oaProcessServiceImpl': Unsatisfied dependency expressed through field 'repositoryService'; nested exception is org.springframework.beans.factory.UnsatisfiedDependencyException: Error creating bean with name 'repositoryServiceBean' defined in class path resource [org/activiti/spring/boot/ProcessEngineAutoConfiguration.class]: Unsatisfied dependency expressed through method 'repositoryServiceBean' parameter 0; nested exception is org.springframework.beans.factory.BeanCreationException: Error creating bean with name 'processEngine': FactoryBean threw exception on object creation; nested exception is org.activiti.engine.ActivitiException: couldn't check if tables are already present using metadata: Public Key Retrieval is not allowed
Caused by: org.springframework.beans.factory.UnsatisfiedDependencyException: Error creating bean with name 'repositoryServiceBean' defined in class path resource [org/activiti/spring/boot/ProcessEngineAutoConfiguration.class]: Unsatisfied dependency expressed through method 'repositoryServiceBean' parameter 0; nested exception is org.springframework.beans.factory.BeanCreationException: Error creating bean with name 'processEngine': FactoryBean threw exception on object creation; nested exception is org.activiti.engine.ActivitiException: couldn't check if tables are already present using metadata: Public Key Retrieval is not allowed
Caused by: org.springframework.beans.factory.BeanCreationException: Error creating bean with name 'processEngine': FactoryBean threw exception on object creation; nested exception is org.activiti.engine.ActivitiException: couldn't check if tables are already present using metadata: Public Key Retrieval is not allowed
Caused by: org.activiti.engine.ActivitiException: couldn't check if tables are already present using metadata: Public Key Retrieval is not allowed
Caused by: java.sql.SQLNonTransientConnectionException: Public Key Retrieval is not allowed
Caused by: com.mysql.cj.exceptions.UnableToConnectException: Public Key Retrieval is not allowed

deployProcess  Time elapsed: 0 s  <<< ERROR!
java.lang.IllegalStateException: Failed to load ApplicationContext
Caused by: org.springframework.beans.factory.UnsatisfiedDependencyException: Error creating bean with name 'oaProcessController': Unsatisfied dependency expressed through field 'processService'; nested exception is org.springframework.beans.factory.UnsatisfiedDependencyException: Error creating bean with name 'oaProcessServiceImpl': Unsatisfied dependency expressed through field 'repositoryService'; nested exception is org.springframework.beans.factory.UnsatisfiedDependencyException: Error creating bean with name 'repositoryServiceBean' defined in class path resource [org/activiti/spring/boot/ProcessEngineAutoConfiguration.class]: Unsatisfied dependency expressed through method 'repositoryServiceBean' parameter 0; nested exception is org.springframework.beans.factory.BeanCreationException: Error creating bean with name 'processEngine': FactoryBean threw exception on object creation; nested exception is org.activiti.engine.ActivitiException: couldn't check if tables are already present using metadata: Public Key Retrieval is not allowed
Caused by: org.springframework.beans.factory.UnsatisfiedDependencyException: Error creating bean with name 'oaProcessServiceImpl': Unsatisfied dependency expressed through field 'repositoryService'; nested exception is org.springframework.beans.factory.UnsatisfiedDependencyException: Error creating bean with name 'repositoryServiceBean' defined in class path resource [org/activiti/spring/boot/ProcessEngineAutoConfiguration.class]: Unsatisfied dependency expressed through method 'repositoryServiceBean' parameter 0; nested exception is org.springframework.beans.factory.BeanCreationException: Error creating bean with name 'processEngine': FactoryBean threw exception on object creation; nested exception is org.activiti.engine.ActivitiException: couldn't check if tables are already present using metadata: Public Key Retrieval is not allowed
Caused by: org.springframework.beans.factory.UnsatisfiedDependencyException: Error creating bean with name 'repositoryServiceBean' defined in class path resource [org/activiti/spring/boot/ProcessEngineAutoConfiguration.class]: Unsatisfied dependency expressed through method 'repositoryServiceBean' parameter 0; nested exception is org.springframework.beans.factory.BeanCreationException: Error creating bean with name 'processEngine': FactoryBean threw exception on object creation; nested exception is org.activiti.engine.ActivitiException: couldn't check if tables are already present using metadata: Public Key Retrieval is not allowed
Caused by: org.springframework.beans.factory.BeanCreationException: Error creating bean with name 'processEngine': FactoryBean threw exception on object creation; nested exception is org.activiti.engine.ActivitiException: couldn't check if tables are already present using metadata: Public Key Retrieval is not allowed
Caused by: org.activiti.engine.ActivitiException: couldn't check if tables are already present using metadata: Public Key Retrieval is not allowed
Caused by: java.sql.SQLNonTransientConnectionException: Public Key Retrieval is not allowed
Caused by: com.mysql.cj.exceptions.UnableToConnectException: Public Key Retrieval is not allowed

findCompleteTaskList  Time elapsed: 0 s  <<< ERROR!
java.lang.IllegalStateException: Failed to load ApplicationContext
Caused by: org.springframework.beans.factory.UnsatisfiedDependencyException: Error creating bean with name 'oaProcessController': Unsatisfied dependency expressed through field 'processService'; nested exception is org.springframework.beans.factory.UnsatisfiedDependencyException: Error creating bean with name 'oaProcessServiceImpl': Unsatisfied dependency expressed through field 'repositoryService'; nested exception is org.springframework.beans.factory.UnsatisfiedDependencyException: Error creating bean with name 'repositoryServiceBean' defined in class path resource [org/activiti/spring/boot/ProcessEngineAutoConfiguration.class]: Unsatisfied dependency expressed through method 'repositoryServiceBean' parameter 0; nested exception is org.springframework.beans.factory.BeanCreationException: Error creating bean with name 'processEngine': FactoryBean threw exception on object creation; nested exception is org.activiti.engine.ActivitiException: couldn't check if tables are already present using metadata: Public Key Retrieval is not allowed
Caused by: org.springframework.beans.factory.UnsatisfiedDependencyException: Error creating bean with name 'oaProcessServiceImpl': Unsatisfied dependency expressed through field 'repositoryService'; nested exception is org.springframework.beans.factory.UnsatisfiedDependencyException: Error creating bean with name 'repositoryServiceBean' defined in class path resource [org/activiti/spring/boot/ProcessEngineAutoConfiguration.class]: Unsatisfied dependency expressed through method 'repositoryServiceBean' parameter 0; nested exception is org.springframework.beans.factory.BeanCreationException: Error creating bean with name 'processEngine': FactoryBean threw exception on object creation; nested exception is org.activiti.engine.ActivitiException: couldn't check if tables are already present using metadata: Public Key Retrieval is not allowed
Caused by: org.springframework.beans.factory.UnsatisfiedDependencyException: Error creating bean with name 'repositoryServiceBean' defined in class path resource [org/activiti/spring/boot/ProcessEngineAutoConfiguration.class]: Unsatisfied dependency expressed through method 'repositoryServiceBean' parameter 0; nested exception is org.springframework.beans.factory.BeanCreationException: Error creating bean with name 'processEngine': FactoryBean threw exception on object creation; nested exception is org.activiti.engine.ActivitiException: couldn't check if tables are already present using metadata: Public Key Retrieval is not allowed
Caused by: org.springframework.beans.factory.BeanCreationException: Error creating bean with name 'processEngine': FactoryBean threw exception on object creation; nested exception is org.activiti.engine.ActivitiException: couldn't check if tables are already present using metadata: Public Key Retrieval is not allowed
Caused by: org.activiti.engine.ActivitiException: couldn't check if tables are already present using metadata: Public Key Retrieval is not allowed
Caused by: java.sql.SQLNonTransientConnectionException: Public Key Retrieval is not allowed
Caused by: com.mysql.cj.exceptions.UnableToConnectException: Public Key Retrieval is not allowed

singleSuspendProcessInstance  Time elapsed: 0 s  <<< ERROR!
java.lang.IllegalStateException: Failed to load ApplicationContext
Caused by: org.springframework.beans.factory.UnsatisfiedDependencyException: Error creating bean with name 'oaProcessController': Unsatisfied dependency expressed through field 'processService'; nested exception is org.springframework.beans.factory.UnsatisfiedDependencyException: Error creating bean with name 'oaProcessServiceImpl': Unsatisfied dependency expressed through field 'repositoryService'; nested exception is org.springframework.beans.factory.UnsatisfiedDependencyException: Error creating bean with name 'repositoryServiceBean' defined in class path resource [org/activiti/spring/boot/ProcessEngineAutoConfiguration.class]: Unsatisfied dependency expressed through method 'repositoryServiceBean' parameter 0; nested exception is org.springframework.beans.factory.BeanCreationException: Error creating bean with name 'processEngine': FactoryBean threw exception on object creation; nested exception is org.activiti.engine.ActivitiException: couldn't check if tables are already present using metadata: Public Key Retrieval is not allowed
Caused by: org.springframework.beans.factory.UnsatisfiedDependencyException: Error creating bean with name 'oaProcessServiceImpl': Unsatisfied dependency expressed through field 'repositoryService'; nested exception is org.springframework.beans.factory.UnsatisfiedDependencyException: Error creating bean with name 'repositoryServiceBean' defined in class path resource [org/activiti/spring/boot/ProcessEngineAutoConfiguration.class]: Unsatisfied dependency expressed through method 'repositoryServiceBean' parameter 0; nested exception is org.springframework.beans.factory.BeanCreationException: Error creating bean with name 'processEngine': FactoryBean threw exception on object creation; nested exception is org.activiti.engine.ActivitiException: couldn't check if tables are already present using metadata: Public Key Retrieval is not allowed
Caused by: org.springframework.beans.factory.UnsatisfiedDependencyException: Error creating bean with name 'repositoryServiceBean' defined in class path resource [org/activiti/spring/boot/ProcessEngineAutoConfiguration.class]: Unsatisfied dependency expressed through method 'repositoryServiceBean' parameter 0; nested exception is org.springframework.beans.factory.BeanCreationException: Error creating bean with name 'processEngine': FactoryBean threw exception on object creation; nested exception is org.activiti.engine.ActivitiException: couldn't check if tables are already present using metadata: Public Key Retrieval is not allowed
Caused by: org.springframework.beans.factory.BeanCreationException: Error creating bean with name 'processEngine': FactoryBean threw exception on object creation; nested exception is org.activiti.engine.ActivitiException: couldn't check if tables are already present using metadata: Public Key Retrieval is not allowed
Caused by: org.activiti.engine.ActivitiException: couldn't check if tables are already present using metadata: Public Key Retrieval is not allowed
Caused by: java.sql.SQLNonTransientConnectionException: Public Key Retrieval is not allowed
Caused by: com.mysql.cj.exceptions.UnableToConnectException: Public Key Retrieval is not allowed

startUpProcessAddBusinessKey  Time elapsed: 0 s  <<< ERROR!
java.lang.IllegalStateException: Failed to load ApplicationContext
Caused by: org.springframework.beans.factory.UnsatisfiedDependencyException: Error creating bean with name 'oaProcessController': Unsatisfied dependency expressed through field 'processService'; nested exception is org.springframework.beans.factory.UnsatisfiedDependencyException: Error creating bean with name 'oaProcessServiceImpl': Unsatisfied dependency expressed through field 'repositoryService'; nested exception is org.springframework.beans.factory.UnsatisfiedDependencyException: Error creating bean with name 'repositoryServiceBean' defined in class path resource [org/activiti/spring/boot/ProcessEngineAutoConfiguration.class]: Unsatisfied dependency expressed through method 'repositoryServiceBean' parameter 0; nested exception is org.springframework.beans.factory.BeanCreationException: Error creating bean with name 'processEngine': FactoryBean threw exception on object creation; nested exception is org.activiti.engine.ActivitiException: couldn't check if tables are already present using metadata: Public Key Retrieval is not allowed
Caused by: org.springframework.beans.factory.UnsatisfiedDependencyException: Error creating bean with name 'oaProcessServiceImpl': Unsatisfied dependency expressed through field 'repositoryService'; nested exception is org.springframework.beans.factory.UnsatisfiedDependencyException: Error creating bean with name 'repositoryServiceBean' defined in class path resource [org/activiti/spring/boot/ProcessEngineAutoConfiguration.class]: Unsatisfied dependency expressed through method 'repositoryServiceBean' parameter 0; nested exception is org.springframework.beans.factory.BeanCreationException: Error creating bean with name 'processEngine': FactoryBean threw exception on object creation; nested exception is org.activiti.engine.ActivitiException: couldn't check if tables are already present using metadata: Public Key Retrieval is not allowed
Caused by: org.springframework.beans.factory.UnsatisfiedDependencyException: Error creating bean with name 'repositoryServiceBean' defined in class path resource [org/activiti/spring/boot/ProcessEngineAutoConfiguration.class]: Unsatisfied dependency expressed through method 'repositoryServiceBean' parameter 0; nested exception is org.springframework.beans.factory.BeanCreationException: Error creating bean with name 'processEngine': FactoryBean threw exception on object creation; nested exception is org.activiti.engine.ActivitiException: couldn't check if tables are already present using metadata: Public Key Retrieval is not allowed
Caused by: org.springframework.beans.factory.BeanCreationException: Error creating bean with name 'processEngine': FactoryBean threw exception on object creation; nested exception is org.activiti.engine.ActivitiException: couldn't check if tables are already present using metadata: Public Key Retrieval is not allowed
Caused by: org.activiti.engine.ActivitiException: couldn't check if tables are already present using metadata: Public Key Retrieval is not allowed
Caused by: java.sql.SQLNonTransientConnectionException: Public Key Retrieval is not allowed
Caused by: com.mysql.cj.exceptions.UnableToConnectException: Public Key Retrieval is not allowed

